{"C:\\Users\\juanl\\Documents\\ITESO 7mo Semestre\\Sistemas Escalables\\speedcola\\routes\\services.routes.js": {"path":"C:\\Users\\juanl\\Documents\\ITESO 7mo Semestre\\Sistemas Escalables\\speedcola\\routes\\services.routes.js","statementMap":{"0":{"start":{"line":1,"column":16},"end":{"line":1,"column":34}},"1":{"start":{"line":2,"column":18},"end":{"line":2,"column":39}},"2":{"start":{"line":3,"column":13},"end":{"line":3,"column":36}},"3":{"start":{"line":4,"column":15},"end":{"line":4,"column":31}},"4":{"start":{"line":6,"column":14},"end":{"line":6,"column":29}},"5":{"start":{"line":11,"column":0},"end":{"line":25,"column":3}},"6":{"start":{"line":12,"column":2},"end":{"line":24,"column":3}},"7":{"start":{"line":13,"column":27},"end":{"line":13,"column":48}},"8":{"start":{"line":14,"column":4},"end":{"line":16,"column":5}},"9":{"start":{"line":15,"column":6},"end":{"line":15,"column":50}},"10":{"start":{"line":18,"column":19},"end":{"line":18,"column":62}},"11":{"start":{"line":19,"column":4},"end":{"line":19,"column":32}},"12":{"start":{"line":20,"column":4},"end":{"line":20,"column":31}},"13":{"start":{"line":23,"column":4},"end":{"line":23,"column":66}},"14":{"start":{"line":30,"column":0},"end":{"line":70,"column":3}},"15":{"start":{"line":31,"column":2},"end":{"line":69,"column":3}},"16":{"start":{"line":32,"column":90},"end":{"line":32,"column":98}},"17":{"start":{"line":34,"column":4},"end":{"line":36,"column":5}},"18":{"start":{"line":35,"column":6},"end":{"line":35,"column":72}},"19":{"start":{"line":39,"column":20},"end":{"line":42,"column":5}},"20":{"start":{"line":44,"column":4},"end":{"line":46,"column":5}},"21":{"start":{"line":45,"column":6},"end":{"line":45,"column":63}},"22":{"start":{"line":48,"column":22},"end":{"line":48,"column":40}},"23":{"start":{"line":51,"column":21},"end":{"line":54,"column":5}},"24":{"start":{"line":56,"column":4},"end":{"line":65,"column":7}},"25":{"start":{"line":68,"column":4},"end":{"line":68,"column":63}},"26":{"start":{"line":75,"column":0},"end":{"line":106,"column":3}},"27":{"start":{"line":76,"column":17},"end":{"line":76,"column":27}},"28":{"start":{"line":78,"column":2},"end":{"line":105,"column":3}},"29":{"start":{"line":79,"column":19},"end":{"line":96,"column":14}},"30":{"start":{"line":98,"column":4},"end":{"line":99,"column":68}},"31":{"start":{"line":99,"column":6},"end":{"line":99,"column":68}},"32":{"start":{"line":101,"column":4},"end":{"line":101,"column":41}},"33":{"start":{"line":104,"column":4},"end":{"line":104,"column":64}},"34":{"start":{"line":111,"column":0},"end":{"line":135,"column":3}},"35":{"start":{"line":112,"column":2},"end":{"line":134,"column":3}},"36":{"start":{"line":113,"column":83},"end":{"line":113,"column":91}},"37":{"start":{"line":114,"column":19},"end":{"line":114,"column":29}},"38":{"start":{"line":116,"column":4},"end":{"line":118,"column":5}},"39":{"start":{"line":117,"column":6},"end":{"line":117,"column":72}},"40":{"start":{"line":120,"column":21},"end":{"line":125,"column":5}},"41":{"start":{"line":127,"column":4},"end":{"line":128,"column":66}},"42":{"start":{"line":128,"column":6},"end":{"line":128,"column":66}},"43":{"start":{"line":130,"column":4},"end":{"line":130,"column":70}},"44":{"start":{"line":133,"column":4},"end":{"line":133,"column":62}},"45":{"start":{"line":140,"column":0},"end":{"line":148,"column":3}},"46":{"start":{"line":141,"column":2},"end":{"line":147,"column":3}},"47":{"start":{"line":142,"column":4},"end":{"line":142,"column":84}},"48":{"start":{"line":143,"column":4},"end":{"line":143,"column":60}},"49":{"start":{"line":146,"column":4},"end":{"line":146,"column":57}},"50":{"start":{"line":153,"column":0},"end":{"line":177,"column":3}},"51":{"start":{"line":154,"column":2},"end":{"line":176,"column":3}},"52":{"start":{"line":155,"column":19},"end":{"line":170,"column":6}},"53":{"start":{"line":172,"column":4},"end":{"line":172,"column":31}},"54":{"start":{"line":175,"column":4},"end":{"line":175,"column":66}},"55":{"start":{"line":182,"column":0},"end":{"line":208,"column":3}},"56":{"start":{"line":183,"column":2},"end":{"line":207,"column":3}},"57":{"start":{"line":184,"column":19},"end":{"line":201,"column":6}},"58":{"start":{"line":203,"column":4},"end":{"line":203,"column":31}},"59":{"start":{"line":206,"column":4},"end":{"line":206,"column":77}},"60":{"start":{"line":213,"column":0},"end":{"line":243,"column":3}},"61":{"start":{"line":214,"column":20},"end":{"line":214,"column":30}},"62":{"start":{"line":216,"column":2},"end":{"line":242,"column":3}},"63":{"start":{"line":217,"column":19},"end":{"line":233,"column":15}},"64":{"start":{"line":235,"column":4},"end":{"line":236,"column":82}},"65":{"start":{"line":236,"column":6},"end":{"line":236,"column":82}},"66":{"start":{"line":238,"column":4},"end":{"line":238,"column":41}},"67":{"start":{"line":241,"column":4},"end":{"line":241,"column":64}},"68":{"start":{"line":246,"column":0},"end":{"line":246,"column":24}}},"fnMap":{"0":{"name":"(anonymous_0)","decl":{"start":{"line":11,"column":28},"end":{"line":11,"column":29}},"loc":{"start":{"line":11,"column":48},"end":{"line":25,"column":1}},"line":11},"1":{"name":"(anonymous_1)","decl":{"start":{"line":30,"column":29},"end":{"line":30,"column":30}},"loc":{"start":{"line":30,"column":49},"end":{"line":70,"column":1}},"line":30},"2":{"name":"(anonymous_2)","decl":{"start":{"line":75,"column":32},"end":{"line":75,"column":33}},"loc":{"start":{"line":75,"column":52},"end":{"line":106,"column":1}},"line":75},"3":{"name":"(anonymous_3)","decl":{"start":{"line":111,"column":32},"end":{"line":111,"column":33}},"loc":{"start":{"line":111,"column":52},"end":{"line":135,"column":1}},"line":111},"4":{"name":"(anonymous_4)","decl":{"start":{"line":140,"column":35},"end":{"line":140,"column":36}},"loc":{"start":{"line":140,"column":55},"end":{"line":148,"column":1}},"line":140},"5":{"name":"(anonymous_5)","decl":{"start":{"line":153,"column":33},"end":{"line":153,"column":34}},"loc":{"start":{"line":153,"column":53},"end":{"line":177,"column":1}},"line":153},"6":{"name":"(anonymous_6)","decl":{"start":{"line":182,"column":33},"end":{"line":182,"column":34}},"loc":{"start":{"line":182,"column":53},"end":{"line":208,"column":1}},"line":182},"7":{"name":"(anonymous_7)","decl":{"start":{"line":213,"column":38},"end":{"line":213,"column":39}},"loc":{"start":{"line":213,"column":58},"end":{"line":243,"column":1}},"line":213}},"branchMap":{"0":{"loc":{"start":{"line":14,"column":4},"end":{"line":16,"column":5}},"type":"if","locations":[{"start":{"line":14,"column":4},"end":{"line":16,"column":5}},{"start":{},"end":{}}],"line":14},"1":{"loc":{"start":{"line":34,"column":4},"end":{"line":36,"column":5}},"type":"if","locations":[{"start":{"line":34,"column":4},"end":{"line":36,"column":5}},{"start":{},"end":{}}],"line":34},"2":{"loc":{"start":{"line":34,"column":8},"end":{"line":34,"column":63}},"type":"binary-expr","locations":[{"start":{"line":34,"column":8},"end":{"line":34,"column":15}},{"start":{"line":34,"column":19},"end":{"line":34,"column":26}},{"start":{"line":34,"column":30},"end":{"line":34,"column":47}},{"start":{"line":34,"column":51},"end":{"line":34,"column":63}}],"line":34},"3":{"loc":{"start":{"line":44,"column":4},"end":{"line":46,"column":5}},"type":"if","locations":[{"start":{"line":44,"column":4},"end":{"line":46,"column":5}},{"start":{},"end":{}}],"line":44},"4":{"loc":{"start":{"line":98,"column":4},"end":{"line":99,"column":68}},"type":"if","locations":[{"start":{"line":98,"column":4},"end":{"line":99,"column":68}},{"start":{},"end":{}}],"line":98},"5":{"loc":{"start":{"line":116,"column":4},"end":{"line":118,"column":5}},"type":"if","locations":[{"start":{"line":116,"column":4},"end":{"line":118,"column":5}},{"start":{},"end":{}}],"line":116},"6":{"loc":{"start":{"line":116,"column":8},"end":{"line":116,"column":63}},"type":"binary-expr","locations":[{"start":{"line":116,"column":8},"end":{"line":116,"column":15}},{"start":{"line":116,"column":19},"end":{"line":116,"column":26}},{"start":{"line":116,"column":30},"end":{"line":116,"column":47}},{"start":{"line":116,"column":51},"end":{"line":116,"column":63}}],"line":116},"7":{"loc":{"start":{"line":127,"column":4},"end":{"line":128,"column":66}},"type":"if","locations":[{"start":{"line":127,"column":4},"end":{"line":128,"column":66}},{"start":{},"end":{}}],"line":127},"8":{"loc":{"start":{"line":235,"column":4},"end":{"line":236,"column":82}},"type":"if","locations":[{"start":{"line":235,"column":4},"end":{"line":236,"column":82}},{"start":{},"end":{}}],"line":235}},"s":{"0":1,"1":1,"2":1,"3":1,"4":1,"5":1,"6":3,"7":3,"8":3,"9":1,"10":2,"11":1,"12":1,"13":1,"14":1,"15":2,"16":2,"17":2,"18":1,"19":1,"20":1,"21":0,"22":1,"23":1,"24":1,"25":0,"26":1,"27":1,"28":1,"29":1,"30":1,"31":0,"32":1,"33":0,"34":1,"35":1,"36":1,"37":1,"38":1,"39":0,"40":1,"41":1,"42":0,"43":1,"44":0,"45":1,"46":1,"47":1,"48":1,"49":0,"50":1,"51":1,"52":1,"53":1,"54":0,"55":1,"56":1,"57":1,"58":1,"59":0,"60":1,"61":1,"62":1,"63":1,"64":1,"65":0,"66":1,"67":0,"68":1},"f":{"0":3,"1":2,"2":1,"3":1,"4":1,"5":1,"6":1,"7":1},"b":{"0":[1,2],"1":[1,1],"2":[2,1,1,1],"3":[0,1],"4":[0,1],"5":[0,1],"6":[1,1,1,1],"7":[0,1],"8":[0,1]},"_coverageSchema":"1a1c01bbd47fc00a2c39e90264f33305004495a9","hash":"d2735a7feed03f5d06537187453203dda54ca2d3"}
}
