TN:
SF:routes\services.routes.js
FN:11,(anonymous_0)
FN:30,(anonymous_1)
FN:75,(anonymous_2)
FN:111,(anonymous_3)
FN:140,(anonymous_4)
FN:153,(anonymous_5)
FN:182,(anonymous_6)
FN:213,(anonymous_7)
FNF:8
FNH:8
FNDA:3,(anonymous_0)
FNDA:2,(anonymous_1)
FNDA:1,(anonymous_2)
FNDA:1,(anonymous_3)
FNDA:1,(anonymous_4)
FNDA:1,(anonymous_5)
FNDA:1,(anonymous_6)
FNDA:1,(anonymous_7)
DA:1,1
DA:2,1
DA:3,1
DA:4,1
DA:6,1
DA:11,1
DA:12,3
DA:13,3
DA:14,3
DA:15,1
DA:18,2
DA:19,1
DA:20,1
DA:23,1
DA:30,1
DA:31,2
DA:32,2
DA:34,2
DA:35,1
DA:39,1
DA:44,1
DA:45,0
DA:48,1
DA:51,1
DA:56,1
DA:68,0
DA:75,1
DA:76,1
DA:78,1
DA:79,1
DA:98,1
DA:99,0
DA:101,1
DA:104,0
DA:111,1
DA:112,1
DA:113,1
DA:114,1
DA:116,1
DA:117,0
DA:120,1
DA:127,1
DA:128,0
DA:130,1
DA:133,0
DA:140,1
DA:141,1
DA:142,1
DA:143,1
DA:146,0
DA:153,1
DA:154,1
DA:155,1
DA:172,1
DA:175,0
DA:182,1
DA:183,1
DA:184,1
DA:203,1
DA:206,0
DA:213,1
DA:214,1
DA:216,1
DA:217,1
DA:235,1
DA:236,0
DA:238,1
DA:241,0
DA:246,1
LF:69
LH:57
BRDA:14,0,0,1
BRDA:14,0,1,2
BRDA:34,1,0,1
BRDA:34,1,1,1
BRDA:34,2,0,2
BRDA:34,2,1,1
BRDA:34,2,2,1
BRDA:34,2,3,1
BRDA:44,3,0,0
BRDA:44,3,1,1
BRDA:98,4,0,0
BRDA:98,4,1,1
BRDA:116,5,0,0
BRDA:116,5,1,1
BRDA:116,6,0,1
BRDA:116,6,1,1
BRDA:116,6,2,1
BRDA:116,6,3,1
BRDA:127,7,0,0
BRDA:127,7,1,1
BRDA:235,8,0,0
BRDA:235,8,1,1
BRF:22
BRH:17
end_of_record
